Build started 09/11/2012 12:26:15.
     1>Project "C:\Users\L M JORDAN\Dropbox\UniWork\YEAR3\COMP3004\COURSEWORK\leCoursework1\leCoursework1\leCoursework1.vcxproj" on node 2 (build target(s)).
     1>InitializeBuildStatus:
         Creating "Debug\leCoursework1.unsuccessfulbuild" because "AlwaysCreate" was specified.
       ClCompile:
         All outputs are up-to-date.
         C:\Program Files\Microsoft Visual Studio 10.0\VC\bin\CL.exe /c /ZI /nologo /W3 /WX- /Od /Oy- /D WIN32 /D _DEBUG /D _CONSOLE /D _UNICODE /D UNICODE /Gm /EHsc /RTC1 /MDd /GS /fp:precise /Zc:wchar_t /Zc:forScope /Yu"StdAfx.h" /Fp"Debug\leCoursework1.pch" /Fo"Debug\\" /Fd"Debug\vc100.pdb" /Gd /TP /analyze- /errorReport:prompt leCoursework1.cpp
         leCoursework1.cpp
     1>c:\users\l m jordan\dropbox\uniwork\year3\comp3004\coursework\lecoursework1\lecoursework1\lecoursework1.cpp(45): warning C4244: 'initializing' : conversion from 'double' to 'GLfloat', possible loss of data
       ManifestResourceCompile:
         All outputs are up-to-date.
       Link:
         C:\Program Files\Microsoft Visual Studio 10.0\VC\bin\link.exe /ERRORREPORT:PROMPT /OUT:"C:\Users\L M JORDAN\Dropbox\UniWork\YEAR3\COMP3004\COURSEWORK\leCoursework1\Debug\leCoursework1.exe" /INCREMENTAL /NOLOGO GLFW.lib opengl32.lib kernel32.lib user32.lib glu32.lib kernel32.lib user32.lib gdi32.lib winspool.lib comdlg32.lib advapi32.lib shell32.lib ole32.lib oleaut32.lib uuid.lib odbc32.lib odbccp32.lib /MANIFEST /ManifestFile:"Debug\leCoursework1.exe.intermediate.manifest" /MANIFESTUAC:"level='asInvoker' uiAccess='false'" /DEBUG /PDB:"C:\Users\L M JORDAN\Dropbox\UniWork\YEAR3\COMP3004\COURSEWORK\leCoursework1\Debug\leCoursework1.pdb" /SUBSYSTEM:CONSOLE /TLBID:1 /DYNAMICBASE /NXCOMPAT /IMPLIB:"C:\Users\L M JORDAN\Dropbox\UniWork\YEAR3\COMP3004\COURSEWORK\leCoursework1\Debug\leCoursework1.lib" /MACHINE:X86 Debug\leCoursework1.exe.embed.manifest.res
         Debug\leCoursework1.obj
         Debug\stdafx.obj
     1>LINK : warning LNK4098: defaultlib 'MSVCRT' conflicts with use of other libs; use /NODEFAULTLIB:library
       Manifest:
         C:\Program Files\Microsoft SDKs\Windows\v7.0A\bin\mt.exe /nologo /verbose /out:"Debug\leCoursework1.exe.embed.manifest" /manifest Debug\leCoursework1.exe.intermediate.manifest
         All outputs are up-to-date.
       LinkEmbedManifest:
         All outputs are up-to-date.
         leCoursework1.vcxproj -> C:\Users\L M JORDAN\Dropbox\UniWork\YEAR3\COMP3004\COURSEWORK\leCoursework1\Debug\leCoursework1.exe
       FinalizeBuildStatus:
         Deleting file "Debug\leCoursework1.unsuccessfulbuild".
         Touching "Debug\leCoursework1.lastbuildstate".
     1>Done Building Project "C:\Users\L M JORDAN\Dropbox\UniWork\YEAR3\COMP3004\COURSEWORK\leCoursework1\leCoursework1\leCoursework1.vcxproj" (build target(s)).

Build succeeded.

Time Elapsed 00:00:23.41
